<?xml version="1.0" encoding="UTF-8"?>
<testng-results ignored="0" total="2" passed="2" failed="0" skipped="0">
  <reporter-output>
  </reporter-output>
  <suite started-at="2024-01-13T16:57:04 IST" name="Default suite" finished-at="2024-01-13T16:59:03 IST" duration-ms="119390">
    <groups>
      <group name="cucumber">
        <method signature="AbstractTestNGCucumberTests.runScenario(io.cucumber.testng.PickleWrapper,io.cucumber.testng.FeatureWrapper)[pri:0, instance:TestRunner.RunnerTestClass@702657cc]" name="runScenario" class="io.cucumber.testng.AbstractTestNGCucumberTests"/>
      </group> <!-- cucumber -->
    </groups>
    <test started-at="2024-01-13T16:57:04 IST" name="Default test" finished-at="2024-01-13T16:59:03 IST" duration-ms="119390">
      <class name="TestRunner.RunnerTestClass">
        <test-method is-config="true" signature="setUpClass(org.testng.ITestContext)[pri:0, instance:TestRunner.RunnerTestClass@702657cc]" started-at="2024-01-13T16:57:04 IST" name="setUpClass" finished-at="2024-01-13T16:57:07 IST" duration-ms="3214" status="PASS">
          <params>
            <param index="0">
              <value>
                <![CDATA[org.testng.TestRunner@1cc93da4]]>
              </value>
            </param>
          </params>
          <reporter-output>
          </reporter-output>
        </test-method> <!-- setUpClass -->
        <test-method signature="runScenario(io.cucumber.testng.PickleWrapper,io.cucumber.testng.FeatureWrapper)[pri:0, instance:TestRunner.RunnerTestClass@702657cc]" started-at="2024-01-13T16:57:07 IST" name="runScenario" description="Runs Cucumber Scenarios" data-provider="scenarios" finished-at="2024-01-13T16:57:58 IST" duration-ms="51284" status="PASS">
          <params>
            <param index="0">
              <value>
                <![CDATA["Test the guru99 register page"]]>
              </value>
            </param>
            <param index="1">
              <value>
                <![CDATA["Test the Guru99 Application"]]>
              </value>
            </param>
          </params>
          <reporter-output>
          </reporter-output>
        </test-method> <!-- runScenario -->
        <test-method signature="runScenario(io.cucumber.testng.PickleWrapper,io.cucumber.testng.FeatureWrapper)[pri:0, instance:TestRunner.RunnerTestClass@702657cc]" started-at="2024-01-13T16:57:58 IST" name="runScenario" description="Runs Cucumber Scenarios" data-provider="scenarios" finished-at="2024-01-13T16:58:49 IST" duration-ms="50127" status="PASS">
          <params>
            <param index="0">
              <value>
                <![CDATA["Test the guru99 register page"]]>
              </value>
            </param>
            <param index="1">
              <value>
                <![CDATA["Test the Guru99 Application"]]>
              </value>
            </param>
          </params>
          <reporter-output>
          </reporter-output>
        </test-method> <!-- runScenario -->
        <test-method is-config="true" signature="tearDownClass()[pri:0, instance:TestRunner.RunnerTestClass@702657cc]" started-at="2024-01-13T16:58:49 IST" name="tearDownClass" finished-at="2024-01-13T16:59:03 IST" duration-ms="14506" status="PASS">
          <reporter-output>
          </reporter-output>
        </test-method> <!-- tearDownClass -->
      </class> <!-- TestRunner.RunnerTestClass -->
    </test> <!-- Default test -->
  </suite> <!-- Default suite -->
</testng-results>
