<?xml version="1.0" encoding="UTF-8"?>
<testng-results ignored="0" total="3" passed="3" failed="0" skipped="0">
  <reporter-output>
  </reporter-output>
  <suite started-at="2024-01-07T11:02:10 IST" name="Default suite" finished-at="2024-01-07T11:03:07 IST" duration-ms="57472">
    <groups>
      <group name="cucumber">
        <method signature="AbstractTestNGCucumberTests.runScenario(io.cucumber.testng.PickleWrapper,io.cucumber.testng.FeatureWrapper)[pri:0, instance:testRunner.FacebookRunnerClass@618b19ad]" name="runScenario" class="io.cucumber.testng.AbstractTestNGCucumberTests"/>
      </group> <!-- cucumber -->
    </groups>
    <test started-at="2024-01-07T11:02:10 IST" name="Default test" finished-at="2024-01-07T11:03:07 IST" duration-ms="57472">
      <class name="testRunner.FacebookRunnerClass">
        <test-method is-config="true" signature="setUpClass(org.testng.ITestContext)[pri:0, instance:testRunner.FacebookRunnerClass@618b19ad]" started-at="2024-01-07T11:02:10 IST" name="setUpClass" finished-at="2024-01-07T11:02:11 IST" duration-ms="1014" status="PASS">
          <params>
            <param index="0">
              <value>
                <![CDATA[org.testng.TestRunner@a6e4897]]>
              </value>
            </param>
          </params>
          <reporter-output>
          </reporter-output>
        </test-method> <!-- setUpClass -->
        <test-method signature="runScenario(io.cucumber.testng.PickleWrapper,io.cucumber.testng.FeatureWrapper)[pri:0, instance:testRunner.FacebookRunnerClass@618b19ad]" started-at="2024-01-07T11:02:11 IST" name="runScenario" description="Runs Cucumber Scenarios" data-provider="scenarios" finished-at="2024-01-07T11:02:30 IST" duration-ms="19207" status="PASS">
          <params>
            <param index="0">
              <value>
                <![CDATA["Test register page functionality"]]>
              </value>
            </param>
            <param index="1">
              <value>
                <![CDATA["Test the Facebook Application"]]>
              </value>
            </param>
          </params>
          <reporter-output>
          </reporter-output>
        </test-method> <!-- runScenario -->
        <test-method signature="runScenario(io.cucumber.testng.PickleWrapper,io.cucumber.testng.FeatureWrapper)[pri:0, instance:testRunner.FacebookRunnerClass@618b19ad]" started-at="2024-01-07T11:02:30 IST" name="runScenario" description="Runs Cucumber Scenarios" data-provider="scenarios" finished-at="2024-01-07T11:02:49 IST" duration-ms="18760" status="PASS">
          <params>
            <param index="0">
              <value>
                <![CDATA["Test register page functionality"]]>
              </value>
            </param>
            <param index="1">
              <value>
                <![CDATA["Test the Facebook Application"]]>
              </value>
            </param>
          </params>
          <reporter-output>
          </reporter-output>
        </test-method> <!-- runScenario -->
        <test-method signature="runScenario(io.cucumber.testng.PickleWrapper,io.cucumber.testng.FeatureWrapper)[pri:0, instance:testRunner.FacebookRunnerClass@618b19ad]" started-at="2024-01-07T11:02:49 IST" name="runScenario" description="Runs Cucumber Scenarios" data-provider="scenarios" finished-at="2024-01-07T11:03:07 IST" duration-ms="18325" status="PASS">
          <params>
            <param index="0">
              <value>
                <![CDATA["Test register page functionality"]]>
              </value>
            </param>
            <param index="1">
              <value>
                <![CDATA["Test the Facebook Application"]]>
              </value>
            </param>
          </params>
          <reporter-output>
          </reporter-output>
        </test-method> <!-- runScenario -->
        <test-method is-config="true" signature="tearDownClass()[pri:0, instance:testRunner.FacebookRunnerClass@618b19ad]" started-at="2024-01-07T11:03:07 IST" name="tearDownClass" finished-at="2024-01-07T11:03:07 IST" duration-ms="96" status="PASS">
          <reporter-output>
          </reporter-output>
        </test-method> <!-- tearDownClass -->
      </class> <!-- testRunner.FacebookRunnerClass -->
    </test> <!-- Default test -->
  </suite> <!-- Default suite -->
</testng-results>
