<?xml version="1.0" encoding="UTF-8"?>
<testng-results ignored="0" total="7" passed="7" failed="0" skipped="0">
  <reporter-output>
  </reporter-output>
  <suite started-at="2024-01-05T22:46:46 IST" name="Default suite" finished-at="2024-01-05T22:47:55 IST" duration-ms="68536">
    <groups>
      <group name="cucumber">
        <method signature="AbstractTestNGCucumberTests.runScenario(io.cucumber.testng.PickleWrapper,io.cucumber.testng.FeatureWrapper)[pri:0, instance:TestRunner.RunnerClass@4afcd809]" name="runScenario" class="io.cucumber.testng.AbstractTestNGCucumberTests"/>
      </group> <!-- cucumber -->
    </groups>
    <test started-at="2024-01-05T22:46:46 IST" name="Default test" finished-at="2024-01-05T22:47:55 IST" duration-ms="68536">
      <class name="TestRunner.RunnerClass">
        <test-method is-config="true" signature="setUpClass(org.testng.ITestContext)[pri:0, instance:TestRunner.RunnerClass@4afcd809]" started-at="2024-01-05T22:46:47 IST" name="setUpClass" finished-at="2024-01-05T22:46:54 IST" duration-ms="7213" status="PASS">
          <params>
            <param index="0">
              <value>
                <![CDATA[org.testng.TestRunner@45e9b12d]]>
              </value>
            </param>
          </params>
          <reporter-output>
          </reporter-output>
        </test-method> <!-- setUpClass -->
        <test-method signature="runScenario(io.cucumber.testng.PickleWrapper,io.cucumber.testng.FeatureWrapper)[pri:0, instance:TestRunner.RunnerClass@4afcd809]" started-at="2024-01-05T22:46:54 IST" name="runScenario" description="Runs Cucumber Scenarios" data-provider="scenarios" finished-at="2024-01-05T22:47:50 IST" duration-ms="56100" status="PASS">
          <params>
            <param index="0">
              <value>
                <![CDATA["Validate Login functionality"]]>
              </value>
            </param>
            <param index="1">
              <value>
                <![CDATA["Test Orange HRM Application"]]>
              </value>
            </param>
          </params>
          <reporter-output>
          </reporter-output>
        </test-method> <!-- runScenario -->
        <test-method signature="runScenario(io.cucumber.testng.PickleWrapper,io.cucumber.testng.FeatureWrapper)[pri:0, instance:TestRunner.RunnerClass@4afcd809]" started-at="2024-01-05T22:47:50 IST" name="runScenario" description="Runs Cucumber Scenarios" data-provider="scenarios" finished-at="2024-01-05T22:47:50 IST" duration-ms="254" status="PASS">
          <params>
            <param index="0">
              <value>
                <![CDATA["Validate PIM Page Functionality"]]>
              </value>
            </param>
            <param index="1">
              <value>
                <![CDATA["Test Orange HRM Application"]]>
              </value>
            </param>
          </params>
          <reporter-output>
          </reporter-output>
        </test-method> <!-- runScenario -->
        <test-method signature="runScenario(io.cucumber.testng.PickleWrapper,io.cucumber.testng.FeatureWrapper)[pri:0, instance:TestRunner.RunnerClass@4afcd809]" started-at="2024-01-05T22:47:50 IST" name="runScenario" description="Runs Cucumber Scenarios" data-provider="scenarios" finished-at="2024-01-05T22:47:51 IST" duration-ms="332" status="PASS">
          <params>
            <param index="0">
              <value>
                <![CDATA["Validate Add new Functionality"]]>
              </value>
            </param>
            <param index="1">
              <value>
                <![CDATA["Test Orange HRM Application"]]>
              </value>
            </param>
          </params>
          <reporter-output>
          </reporter-output>
        </test-method> <!-- runScenario -->
        <test-method signature="runScenario(io.cucumber.testng.PickleWrapper,io.cucumber.testng.FeatureWrapper)[pri:0, instance:TestRunner.RunnerClass@4afcd809]" started-at="2024-01-05T22:47:51 IST" name="runScenario" description="Runs Cucumber Scenarios" data-provider="scenarios" finished-at="2024-01-05T22:47:51 IST" duration-ms="424" status="PASS">
          <params>
            <param index="0">
              <value>
                <![CDATA["Validate Add new Functionality"]]>
              </value>
            </param>
            <param index="1">
              <value>
                <![CDATA["Test Orange HRM Application"]]>
              </value>
            </param>
          </params>
          <reporter-output>
          </reporter-output>
        </test-method> <!-- runScenario -->
        <test-method signature="runScenario(io.cucumber.testng.PickleWrapper,io.cucumber.testng.FeatureWrapper)[pri:0, instance:TestRunner.RunnerClass@4afcd809]" started-at="2024-01-05T22:47:51 IST" name="runScenario" description="Runs Cucumber Scenarios" data-provider="scenarios" finished-at="2024-01-05T22:47:51 IST" duration-ms="259" status="PASS">
          <params>
            <param index="0">
              <value>
                <![CDATA["Validate Add new Functionality"]]>
              </value>
            </param>
            <param index="1">
              <value>
                <![CDATA["Test Orange HRM Application"]]>
              </value>
            </param>
          </params>
          <reporter-output>
          </reporter-output>
        </test-method> <!-- runScenario -->
        <test-method signature="runScenario(io.cucumber.testng.PickleWrapper,io.cucumber.testng.FeatureWrapper)[pri:0, instance:TestRunner.RunnerClass@4afcd809]" started-at="2024-01-05T22:47:51 IST" name="runScenario" description="Runs Cucumber Scenarios" data-provider="scenarios" finished-at="2024-01-05T22:47:52 IST" duration-ms="217" status="PASS">
          <params>
            <param index="0">
              <value>
                <![CDATA["Validate Add new Functionality"]]>
              </value>
            </param>
            <param index="1">
              <value>
                <![CDATA["Test Orange HRM Application"]]>
              </value>
            </param>
          </params>
          <reporter-output>
          </reporter-output>
        </test-method> <!-- runScenario -->
        <test-method signature="runScenario(io.cucumber.testng.PickleWrapper,io.cucumber.testng.FeatureWrapper)[pri:0, instance:TestRunner.RunnerClass@4afcd809]" started-at="2024-01-05T22:47:52 IST" name="runScenario" description="Runs Cucumber Scenarios" data-provider="scenarios" finished-at="2024-01-05T22:47:52 IST" duration-ms="336" status="PASS">
          <params>
            <param index="0">
              <value>
                <![CDATA["Validate logout functionality"]]>
              </value>
            </param>
            <param index="1">
              <value>
                <![CDATA["Test Orange HRM Application"]]>
              </value>
            </param>
          </params>
          <reporter-output>
          </reporter-output>
        </test-method> <!-- runScenario -->
        <test-method is-config="true" signature="tearDownClass()[pri:0, instance:TestRunner.RunnerClass@4afcd809]" started-at="2024-01-05T22:47:52 IST" name="tearDownClass" finished-at="2024-01-05T22:47:55 IST" duration-ms="2847" status="PASS">
          <reporter-output>
          </reporter-output>
        </test-method> <!-- tearDownClass -->
      </class> <!-- TestRunner.RunnerClass -->
    </test> <!-- Default test -->
  </suite> <!-- Default suite -->
</testng-results>
