<?xml version="1.0" encoding="UTF-8"?>
<testng-results ignored="0" total="2" passed="2" failed="0" skipped="0">
  <reporter-output>
  </reporter-output>
  <suite started-at="2024-01-13T20:12:16 IST" name="Suite" finished-at="2024-01-13T20:15:13 IST" duration-ms="176346">
    <groups>
      <group name="cucumber">
        <method signature="AbstractTestNGCucumberTests.runScenario(io.cucumber.testng.PickleWrapper,io.cucumber.testng.FeatureWrapper)[pri:0, instance:TestRunner.RunnerTestClass@50b472aa]" name="runScenario" class="io.cucumber.testng.AbstractTestNGCucumberTests"/>
      </group> <!-- cucumber -->
    </groups>
    <test started-at="2024-01-13T20:12:16 IST" name="Test" finished-at="2024-01-13T20:15:13 IST" duration-ms="176346">
      <class name="TestRunner.RunnerTestClass">
        <test-method is-config="true" signature="setUpClass(org.testng.ITestContext)[pri:0, instance:TestRunner.RunnerTestClass@50b472aa]" started-at="2024-01-13T20:12:16 IST" name="setUpClass" finished-at="2024-01-13T20:12:20 IST" duration-ms="3351" status="PASS">
          <params>
            <param index="0">
              <value>
                <![CDATA[org.testng.TestRunner@3e2c4d4b]]>
              </value>
            </param>
          </params>
          <reporter-output>
          </reporter-output>
        </test-method> <!-- setUpClass -->
        <test-method signature="runScenario(io.cucumber.testng.PickleWrapper,io.cucumber.testng.FeatureWrapper)[pri:0, instance:TestRunner.RunnerTestClass@50b472aa]" started-at="2024-01-13T20:12:20 IST" name="runScenario" description="Runs Cucumber Scenarios" data-provider="scenarios" finished-at="2024-01-13T20:13:34 IST" duration-ms="73883" status="PASS">
          <params>
            <param index="0">
              <value>
                <![CDATA["Test the guru99 register page"]]>
              </value>
            </param>
            <param index="1">
              <value>
                <![CDATA["Test the Guru99 Application"]]>
              </value>
            </param>
          </params>
          <reporter-output>
          </reporter-output>
        </test-method> <!-- runScenario -->
        <test-method signature="runScenario(io.cucumber.testng.PickleWrapper,io.cucumber.testng.FeatureWrapper)[pri:0, instance:TestRunner.RunnerTestClass@50b472aa]" started-at="2024-01-13T20:13:34 IST" name="runScenario" description="Runs Cucumber Scenarios" data-provider="scenarios" finished-at="2024-01-13T20:14:42 IST" duration-ms="68552" status="PASS">
          <params>
            <param index="0">
              <value>
                <![CDATA["Test the guru99 register page"]]>
              </value>
            </param>
            <param index="1">
              <value>
                <![CDATA["Test the Guru99 Application"]]>
              </value>
            </param>
          </params>
          <reporter-output>
          </reporter-output>
        </test-method> <!-- runScenario -->
        <test-method is-config="true" signature="tearDownClass()[pri:0, instance:TestRunner.RunnerTestClass@50b472aa]" started-at="2024-01-13T20:14:42 IST" name="tearDownClass" finished-at="2024-01-13T20:15:13 IST" duration-ms="30369" status="PASS">
          <reporter-output>
          </reporter-output>
        </test-method> <!-- tearDownClass -->
      </class> <!-- TestRunner.RunnerTestClass -->
    </test> <!-- Test -->
  </suite> <!-- Suite -->
</testng-results>
