<?xml version="1.0" encoding="UTF-8"?>
<testng-results ignored="0" total="2" passed="2" failed="0" skipped="0">
  <reporter-output>
  </reporter-output>
  <suite started-at="2024-01-13T15:08:47 IST" name="Suite" finished-at="2024-01-13T15:11:04 IST" duration-ms="136162">
    <groups>
      <group name="cucumber">
        <method signature="AbstractTestNGCucumberTests.runScenario(io.cucumber.testng.PickleWrapper,io.cucumber.testng.FeatureWrapper)[pri:0, instance:TestRunner.RunnerTestClass@1817d444]" name="runScenario" class="io.cucumber.testng.AbstractTestNGCucumberTests"/>
      </group> <!-- cucumber -->
    </groups>
    <test started-at="2024-01-13T15:08:47 IST" name="Test" finished-at="2024-01-13T15:11:04 IST" duration-ms="136162">
      <class name="TestRunner.RunnerTestClass">
        <test-method is-config="true" signature="setUpClass(org.testng.ITestContext)[pri:0, instance:TestRunner.RunnerTestClass@1817d444]" started-at="2024-01-13T15:08:47 IST" name="setUpClass" finished-at="2024-01-13T15:08:54 IST" duration-ms="6636" status="PASS">
          <params>
            <param index="0">
              <value>
                <![CDATA[org.testng.TestRunner@365bfc5f]]>
              </value>
            </param>
          </params>
          <reporter-output>
          </reporter-output>
        </test-method> <!-- setUpClass -->
        <test-method signature="runScenario(io.cucumber.testng.PickleWrapper,io.cucumber.testng.FeatureWrapper)[pri:0, instance:TestRunner.RunnerTestClass@1817d444]" started-at="2024-01-13T15:08:54 IST" name="runScenario" description="Runs Cucumber Scenarios" data-provider="scenarios" finished-at="2024-01-13T15:10:05 IST" duration-ms="70573" status="PASS">
          <params>
            <param index="0">
              <value>
                <![CDATA["Test the guru99 register page"]]>
              </value>
            </param>
            <param index="1">
              <value>
                <![CDATA["Test the Guru99 Application"]]>
              </value>
            </param>
          </params>
          <reporter-output>
          </reporter-output>
        </test-method> <!-- runScenario -->
        <test-method signature="runScenario(io.cucumber.testng.PickleWrapper,io.cucumber.testng.FeatureWrapper)[pri:0, instance:TestRunner.RunnerTestClass@1817d444]" started-at="2024-01-13T15:10:05 IST" name="runScenario" description="Runs Cucumber Scenarios" data-provider="scenarios" finished-at="2024-01-13T15:10:48 IST" duration-ms="42838" status="PASS">
          <params>
            <param index="0">
              <value>
                <![CDATA["Test the guru99 register page"]]>
              </value>
            </param>
            <param index="1">
              <value>
                <![CDATA["Test the Guru99 Application"]]>
              </value>
            </param>
          </params>
          <reporter-output>
          </reporter-output>
        </test-method> <!-- runScenario -->
        <test-method is-config="true" signature="tearDownClass()[pri:0, instance:TestRunner.RunnerTestClass@1817d444]" started-at="2024-01-13T15:10:48 IST" name="tearDownClass" finished-at="2024-01-13T15:11:04 IST" duration-ms="15816" status="PASS">
          <reporter-output>
          </reporter-output>
        </test-method> <!-- tearDownClass -->
      </class> <!-- TestRunner.RunnerTestClass -->
    </test> <!-- Test -->
  </suite> <!-- Suite -->
</testng-results>
